http://www.omdbapi.com/?t=Mr. Nobody&y=&plot=short&tomatoes=true&apikey=40e9cece
JSON.stringify:  "{\"Title\":\"Mr. Nobody\",\"Year\":\"2009\",\"Rated\":\"R\",\"Released\":\"26 Sep 2013\",\"Runtime\":\"141 min\",\"Genre\":\"Drama, Fantasy, Romance\",\"Director\":\"Jaco Van Dormael\",\"Writer\":\"Jaco Van Dormael\",\"Actors\":\"Jared Leto, Sarah Polley, Diane Kruger, Linh Dan Pham\",\"Plot\":\"A boy stands on a station platform as a train is about to leave. Should he go with his mother or stay with his father? Infinite possibilities arise from this decision. As long as he doesn't choose, anything is possible.\",\"Language\":\"English, Mohawk\",\"Country\":\"Belgium, Germany, Canada, France, USA, UK\",\"Awards\":\"11 wins & 5 nominations.\",\"Poster\":\"https://images-na.ssl-images-amazon.com/images/M/MV5BMTg4ODkzMDQ3Nl5BMl5BanBnXkFtZTgwNTEwMTkxMDE@._V1_SX300.jpg\",\"Ratings\":[{\"Source\":\"Internet Movie Database\",\"Value\":\"7.9/10\"},{\"Source\":\"Rotten Tomatoes\",\"Value\":\"64%\"},{\"Source\":\"Metacritic\",\"Value\":\"63/100\"}],\"Metascore\":\"63\",\"imdbRating\":\"7.9\",\"imdbVotes\":\"168,909\",\"imdbID\":\"tt0485947\",\"Type\":\"movie\",\"tomatoMeter\":\"N/A\",\"tomatoImage\":\"N/A\",\"tomatoRating\":\"N/A\",\"tomatoReviews\":\"N/A\",\"tomatoFresh\":\"N/A\",\"tomatoRotten\":\"N/A\",\"tomatoConsensus\":\"N/A\",\"tomatoUserMeter\":\"N/A\",\"tomatoUserRating\":\"N/A\",\"tomatoUserReviews\":\"N/A\",\"tomatoURL\":\"http://www.rottentomatoes.com/m/mr-nobody/\",\"DVD\":\"25 Feb 2014\",\"BoxOffice\":\"$3,600\",\"Production\":\"Magnolia Pictures\",\"Website\":\"http://www.magpictures.com/mrnobody/\",\"Response\":\"True\"}"
Data after JSON.parse:  { Title: 'Mr. Nobody',
  Year: '2009',
  Rated: 'R',
  Released: '26 Sep 2013',
  Runtime: '141 min',
  Genre: 'Drama, Fantasy, Romance',
  Director: 'Jaco Van Dormael',
  Writer: 'Jaco Van Dormael',
  Actors: 'Jared Leto, Sarah Polley, Diane Kruger, Linh Dan Pham',
  Plot: 'A boy stands on a station platform as a train is about to leave. Should he go with his mother or stay with his father? Infinite possibilities arise from this decision. As long as he doesn\'t choose, anything is possible.',
  Language: 'English, Mohawk',
  Country: 'Belgium, Germany, Canada, France, USA, UK',
  Awards: '11 wins & 5 nominations.',
  Poster: 'https://images-na.ssl-images-amazon.com/images/M/MV5BMTg4ODkzMDQ3Nl5BMl5BanBnXkFtZTgwNTEwMTkxMDE@._V1_SX300.jpg',
  Ratings: 
   [ { Source: 'Internet Movie Database', Value: '7.9/10' },
     { Source: 'Rotten Tomatoes', Value: '64%' },
     { Source: 'Metacritic', Value: '63/100' } ],
  Metascore: '63',
  imdbRating: '7.9',
  imdbVotes: '168,909',
  imdbID: 'tt0485947',
  Type: 'movie',
  tomatoMeter: 'N/A',
  tomatoImage: 'N/A',
  tomatoRating: 'N/A',
  tomatoReviews: 'N/A',
  tomatoFresh: 'N/A',
  tomatoRotten: 'N/A',
  tomatoConsensus: 'N/A',
  tomatoUserMeter: 'N/A',
  tomatoUserRating: 'N/A',
  tomatoUserReviews: 'N/A',
  tomatoURL: 'http://www.rottentomatoes.com/m/mr-nobody/',
  DVD: '25 Feb 2014',
  BoxOffice: '$3,600',
  Production: 'Magnolia Pictures',
  Website: 'http://www.magpictures.com/mrnobody/',
  Response: 'True' }
Title:  Mr. Nobody
Year:  2009
IMDB Rating:  7.9
Country:  Belgium, Germany, Canada, France, USA, UK
Language:  English, Mohawk
Plot:  A boy stands on a station platform as a train is about to leave. Should he go with his mother or stay with his father? Infinite possibilities arise from this decision. As long as he doesn't choose, anything is possible.
Actors:  Jared Leto, Sarah Polley, Diane Kruger, Linh Dan Pham
Rotten Tomatoes URL:  http://www.rottentomatoes.com/m/mr-nobody/
