Album #1: Metallica
  Song's name:  Nothing Else Matters
  Preview URL: https://p.scdn.co/mp3-preview/a2a9c13416fc981d035e75f16ec63b0d8e6486ba?cid=b4d661f43bbf4d29bd48dad950ce71f1
  Artists:  Metallica
------------------------------------------------------------------------------
Album #2: Glory Days (Deluxe)
  Song's name:  Nothing Else Matters
  Preview URL: https://p.scdn.co/mp3-preview/27fa391befc54c7ac8efeee3fa1e6ba3de441d90?cid=b4d661f43bbf4d29bd48dad950ce71f1
  Artists:  Metallica, Little Mix
------------------------------------------------------------------------------
Album #3: Metallica
  Song's name:  Nothing Else Matters
  Preview URL: https://p.scdn.co/mp3-preview/a2a9c13416fc981d035e75f16ec63b0d8e6486ba?cid=b4d661f43bbf4d29bd48dad950ce71f1
  Artists:  Metallica, Little Mix
------------------------------------------------------------------------------
Album #4: Nothing Else Matters
  Song's name:  Nothing Else Matters
  Preview URL: https://p.scdn.co/mp3-preview/5a987b17c53a43b5e4d87c43b5f99cc08a40f0c1?cid=b4d661f43bbf4d29bd48dad950ce71f1
  Artists:  Metallica, Little Mix, William Joseph
------------------------------------------------------------------------------
Album #5: Inquisition Symphony
  Song's name:  Nothing Else Matters - Instrumental Version
  Artists:  Metallica, Little Mix, William Joseph, Apocalyptica
------------------------------------------------------------------------------
Album #6: Covered up with Flowers
  Song's name:  Nothing Else Matters
  Preview URL: https://p.scdn.co/mp3-preview/71798efa18fa623875c420a13795d96c7d96f953?cid=b4d661f43bbf4d29bd48dad950ce71f1
  Artists:  Metallica, Little Mix, William Joseph, Apocalyptica, Lissie
------------------------------------------------------------------------------
Album #7: Metallica Through The Never (Music from the Motion Picture)
  Song's name:  Nothing Else Matters (Live)
  Preview URL: https://p.scdn.co/mp3-preview/50794dabd7367b02a3521ea53ea0dd4b352efabc?cid=b4d661f43bbf4d29bd48dad950ce71f1
  Artists:  Metallica, Little Mix, William Joseph, Apocalyptica, Lissie
------------------------------------------------------------------------------
Album #8: S&M
  Song's name:  Nothing Else Matters (Live with the SFSO)
  Preview URL: https://p.scdn.co/mp3-preview/7bc6cef42a377be8ad38bd455478318999435b55?cid=b4d661f43bbf4d29bd48dad950ce71f1
  Artists:  Metallica, Little Mix, William Joseph, Apocalyptica, Lissie
------------------------------------------------------------------------------
Album #9: Nothing Else Matters (Sander Martinsen Remix)
  Song's name:  Nothing Else Matters - Sander Martinsen Remix
  Preview URL: https://p.scdn.co/mp3-preview/b76b1b34beef1935c54c34cf2dfd0853620eee6e?cid=b4d661f43bbf4d29bd48dad950ce71f1
  Artists:  Metallica, Little Mix, William Joseph, Apocalyptica, Lissie, Sander Martinsen, Matt Nash
------------------------------------------------------------------------------
Album #10: Live & Inspired
  Song's name:  Nothing Else Matters - Live From Fox Theatre Detroit, MI/2012
  Artists:  Metallica, Little Mix, William Joseph, Apocalyptica, Lissie, Sander Martinsen, Matt Nash, Godsmack
------------------------------------------------------------------------------
Album #11: Fake Blues
  Song's name:  Nothing Else Matters
  Preview URL: https://p.scdn.co/mp3-preview/9eaad853449f6e7518b10c63accde6146b3502fa?cid=b4d661f43bbf4d29bd48dad950ce71f1
  Artists:  Metallica, Little Mix, William Joseph, Apocalyptica, Lissie, Sander Martinsen, Matt Nash, Godsmack, Scott Bradlee's Postmodern Jukebox, Caroline Baran
------------------------------------------------------------------------------
Album #12: Nothing Else Matters
  Song's name:  Nothing Else Matters
  Preview URL: https://p.scdn.co/mp3-preview/9eaad853449f6e7518b10c63accde6146b3502fa?cid=b4d661f43bbf4d29bd48dad950ce71f1
  Artists:  Metallica, Little Mix, William Joseph, Apocalyptica, Lissie, Sander Martinsen, Matt Nash, Godsmack, Scott Bradlee's Postmodern Jukebox, Caroline Baran
------------------------------------------------------------------------------
Album #13: Plays Metallica by Four Cellos (Remastered)
  Song's name:  Nothing Else Matters (Bonus Track)
  Preview URL: https://p.scdn.co/mp3-preview/1b9cc978f620ea41bf149080154ce1fee70cc52d?cid=b4d661f43bbf4d29bd48dad950ce71f1
  Artists:  Metallica, Little Mix, William Joseph, Apocalyptica, Lissie, Sander Martinsen, Matt Nash, Godsmack, Scott Bradlee's Postmodern Jukebox, Caroline Baran
------------------------------------------------------------------------------
Album #14: Nothing Else Matters
  Song's name:  Nothing Else Matters
  Preview URL: https://p.scdn.co/mp3-preview/f7bc8cce1612fac236af70dbe633c151ef7e8b34?cid=b4d661f43bbf4d29bd48dad950ce71f1
  Artists:  Metallica, Little Mix, William Joseph, Apocalyptica, Lissie, Sander Martinsen, Matt Nash, Godsmack, Scott Bradlee's Postmodern Jukebox, Caroline Baran, Marvin Sapp
------------------------------------------------------------------------------
Album #15: (Acoustic Sessions)
  Song's name:  Nothing Else Matters
  Preview URL: https://p.scdn.co/mp3-preview/f2218ebc67c22aafa6e7914eb1e5170039bcd1cd?cid=b4d661f43bbf4d29bd48dad950ce71f1
  Artists:  Metallica, Little Mix, William Joseph, Apocalyptica, Lissie, Sander Martinsen, Matt Nash, Godsmack, Scott Bradlee's Postmodern Jukebox, Caroline Baran, Marvin Sapp, Smith & Myers
------------------------------------------------------------------------------
Album #16: Brooklyn Sessions II
  Song's name:  Nothing Else Matters
  Preview URL: https://p.scdn.co/mp3-preview/7ef7985fbf92ab6aeb35bbc91ee5ce752817c04d?cid=b4d661f43bbf4d29bd48dad950ce71f1
  Artists:  Metallica, Little Mix, William Joseph, Apocalyptica, Lissie, Sander Martinsen, Matt Nash, Godsmack, Scott Bradlee's Postmodern Jukebox, Caroline Baran, Marvin Sapp, Smith & Myers, Brooklyn Duo
------------------------------------------------------------------------------
Album #17: Scala & Kolacny Brothers
  Song's name:  Nothing Else Matters
  Preview URL: https://p.scdn.co/mp3-preview/31be56c08439865debd5fafc721f75736376b270?cid=b4d661f43bbf4d29bd48dad950ce71f1
  Artists:  Metallica, Little Mix, William Joseph, Apocalyptica, Lissie, Sander Martinsen, Matt Nash, Godsmack, Scott Bradlee's Postmodern Jukebox, Caroline Baran, Marvin Sapp, Smith & Myers, Brooklyn Duo, Scala & Kolacny Brothers
------------------------------------------------------------------------------
Album #18: Lullaby Renditions of Metallica
  Song's name:  Nothing Else Matters
  Preview URL: https://p.scdn.co/mp3-preview/2c63d04fb631fdeb4d9f5e8e564a729312838a12?cid=b4d661f43bbf4d29bd48dad950ce71f1
  Artists:  Metallica, Little Mix, William Joseph, Apocalyptica, Lissie, Sander Martinsen, Matt Nash, Godsmack, Scott Bradlee's Postmodern Jukebox, Caroline Baran, Marvin Sapp, Smith & Myers, Brooklyn Duo, Scala & Kolacny Brothers, Rockabye Baby!
------------------------------------------------------------------------------
Album #19: Farm Machine
  Song's name:  Nothing Else Matters
  Artists:  Metallica, Little Mix, William Joseph, Apocalyptica, Lissie, Sander Martinsen, Matt Nash, Godsmack, Scott Bradlee's Postmodern Jukebox, Caroline Baran, Marvin Sapp, Smith & Myers, Brooklyn Duo, Scala & Kolacny Brothers, Rockabye Baby!, Steve ´n´ Seagulls
------------------------------------------------------------------------------
Album #20: Live From Paris
  Song's name:  Nothing Else Matters/Despedida Medley (Live From Paris) - Live Version
  Preview URL: https://p.scdn.co/mp3-preview/383f6307a4f0c1f32fb3a59afac0caadf8b7b6a8?cid=b4d661f43bbf4d29bd48dad950ce71f1
  Artists:  Metallica, Little Mix, William Joseph, Apocalyptica, Lissie, Sander Martinsen, Matt Nash, Godsmack, Scott Bradlee's Postmodern Jukebox, Caroline Baran, Marvin Sapp, Smith & Myers, Brooklyn Duo, Scala & Kolacny Brothers, Rockabye Baby!, Steve ´n´ Seagulls, Shakira
